  	cd C:\Projects\Windows-Research-Kernel\WRK-V1.2\BASE\NTOS\rtl\BUILD
  	del obji386\debug2.obj		 obji386\stringsp.obj		 obji386\ioaccess.obj		 obji386\largeint.obj		 obji386\movemem.obj		 obji386\raise.obj		 obji386\stkwalk.obj		 obji386\xcptmisc.obj		 obji386\slist.obj obji386\context.obj		 obji386\debug3.obj		 obji386\divlarge.obj		 obji386\exdsptch.obj		 obji386\getcalr.obj obji386\byteswap.obj		 obji386\acledit.obj		 obji386\add2stra.obj		 obji386\add2strw.obj		 obji386\assert.obj		 obji386\atom.obj			 obji386\avltable.obj		 obji386\bitmap.obj		 obji386\cnvint.obj		 obji386\debug.obj		 obji386\eballoc.obj		 obji386\environ.obj		 obji386\error.obj		 obji386\excptdbg.obj		 obji386\gentable.obj		 obji386\guid.obj			 obji386\imagedir.obj		 obji386\rtlnthdr.obj		 obji386\intbits.obj		 obji386\ldrrsrc.obj		 obji386\ldrreloc.obj		 obji386\lookup.obj		 obji386\message.obj		 obji386\nls.obj			 obji386\nlsxlat.obj		 obji386\pctohdr.obj		 obji386\peb.obj			 obji386\prefix.obj		 obji386\regutil.obj		 obji386\rtlassig.obj		 obji386\rtldata.obj		 obji386\rtlexec.obj		 obji386\sertl.obj		 obji386\splay.obj		 obji386\str2adda.obj		 obji386\str2addw.obj		 obji386\string.obj		 obji386\stktrace.obj		 obji386\sysvol.obj		 obji386\time.obj			 obji386\tracedb.obj 
  	cd C:\Projects\Windows-Research-Kernel\WRK-V1.2\BASE\NTOS\config\BUILD
  	del   obji386\cmapi.obj      obji386\cmapi2.obj     obji386\cmboot.obj     obji386\cmchek.obj     obji386\cmchek2.obj    obji386\cmclose.obj    obji386\cmconfig.obj   obji386\cmcontrl.obj   obji386\cmdat.obj      obji386\cmdat2.obj     obji386\cmdatini.obj   obji386\cmdelete.obj   obji386\cmgquota.obj   obji386\cmhvlist.obj   obji386\cmindex.obj    obji386\cminit.obj     obji386\cmname.obj     obji386\cmnotify.obj   obji386\cmparse.obj    obji386\cmparse2.obj   obji386\cmquery.obj    obji386\cmsavres.obj   obji386\cmsubs.obj     obji386\cmsubs2.obj    obji386\cmsubs3.obj    obji386\cmse.obj       obji386\cmsysini.obj   obji386\cmtrecpy.obj   obji386\cmtredel.obj   obji386\cmtree.obj     obji386\cmworker.obj   obji386\cmwrapr.obj    obji386\cmwrapr2.obj   obji386\cmwmi.obj      obji386\cmmapvw.obj    obji386\cmdelay.obj    obji386\cmvalue.obj    obji386\cmsecache.obj  obji386\cmdown.obj     obji386\cmalloc.obj    obji386\cmhook.obj     obji386\hivebin.obj    obji386\hivecell.obj   obji386\hivechek.obj   obji386\hivefree.obj   obji386\hiveinit.obj   obji386\hiveload.obj   obji386\hivemap.obj    obji386\hivesum.obj    obji386\hivesync.obj   obji386\hivehint.obj   obji386\ntapi.obj 
  	cd C:\Projects\Windows-Research-Kernel\WRK-V1.2\BASE\NTOS\ex\BUILD
  	del obji386\intrlock.obj	 	 obji386\intrlfst.obj	 	 obji386\splocks.obj  obji386\callback.obj		 obji386\callperf.obj		 obji386\delay.obj		 obji386\event.obj		 obji386\eventpr.obj		 obji386\exatom.obj		 obji386\exdata.obj		 obji386\exinit.obj		 obji386\fmutexc.obj		 obji386\handle.obj		 obji386\harderr.obj		 obji386\lookasid.obj		 obji386\luid.obj			 obji386\mutant.obj		 obji386\nbqueue.obj		 obji386\pool.obj			 obji386\probe.obj		 obji386\profile.obj		 obji386\raise.obj		 obji386\resource.obj		 obji386\semphore.obj		 obji386\sysinfo.obj		 obji386\timer.obj		 obji386\worker.obj		 obji386\zone.obj			 obji386\uuid.obj			 obji386\win32.obj		 obji386\rundown.obj		 obji386\pushlock.obj		 obji386\keyedevent.obj 
  	cd C:\Projects\Windows-Research-Kernel\WRK-V1.2\BASE\NTOS\ob\BUILD
  	del   obji386\obinit.obj    obji386\obcreate.obj  obji386\obhandle.obj  obji386\obinsert.obj  obji386\obref.obj     obji386\obse.obj      obji386\obtype.obj    obji386\obdir.obj     obji386\obdevmap.obj  obji386\oblink.obj    obji386\obclose.obj   obji386\obquery.obj   obji386\obsdata.obj   obji386\obwait.obj    obji386\fastref.obj 
  	cd C:\Projects\Windows-Research-Kernel\WRK-V1.2\BASE\NTOS\se\BUILD
  	del   obji386\accessck.obj  obji386\capture.obj   obji386\privileg.obj  obji386\rmlogon.obj   obji386\rmmain.obj    obji386\rmvars.obj    obji386\seassign.obj  obji386\seaudit.obj   obji386\sepaudit.obj  obji386\seclient.obj  obji386\seglobal.obj  obji386\seinit.obj    obji386\semethod.obj  obji386\sep.obj       obji386\subject.obj   obji386\seastate.obj  obji386\token.obj     obji386\tokenadj.obj  obji386\tokendup.obj  obji386\tokenopn.obj  obji386\tokenqry.obj  obji386\tokenset.obj  obji386\adtlog.obj    obji386\adtinit.obj   obji386\adtvars.obj   obji386\adtutil.obj   obji386\rmaudit.obj 
  	cd C:\Projects\Windows-Research-Kernel\WRK-V1.2\BASE\NTOS\mm\BUILD
  	del obji386\pae.obj obji386\init386.obj		 obji386\data386.obj		 obji386\procpae.obj		 obji386\procx86.obj		 obji386\paesup.obj		 obji386\setmodfy.obj obji386\acceschk.obj		 obji386\addrsup.obj		 obji386\allocpag.obj		 obji386\allocvm.obj		 obji386\buildmdl.obj		 obji386\creasect.obj		 obji386\deleteva.obj		 obji386\dmpaddr.obj		 obji386\extsect.obj		 obji386\flushbuf.obj		 obji386\flushsec.obj		 obji386\forksup.obj		 obji386\freevm.obj		 obji386\hypermap.obj		 obji386\iosup.obj		 obji386\lockvm.obj		 obji386\mapcache.obj		 obji386\mapview.obj		 obji386\miglobal.obj		 obji386\mmfault.obj		 obji386\mminit.obj		 obji386\mmsup.obj		 obji386\mmquota.obj		 obji386\modwrite.obj		 obji386\pagfault.obj		 obji386\pfndec.obj		 obji386\pfnlist.obj		 obji386\physical.obj		 obji386\procsup.obj		 obji386\protect.obj		 obji386\querysec.obj		 obji386\queryvm.obj		 obji386\readwrt.obj		 obji386\sectsup.obj		 obji386\session.obj		 obji386\sessload.obj		 obji386\shutdown.obj		 obji386\sysload.obj		 obji386\sysptes.obj		 obji386\umapview.obj		 obji386\vadtree.obj		 obji386\wslist.obj		 obji386\wsmanage.obj		 obji386\wstree.obj		 obji386\wrtfault.obj		 obji386\wrtwatch.obj		 obji386\zeropage.obj 
  	cd C:\Projects\Windows-Research-Kernel\WRK-V1.2\BASE\NTOS\ke\BUILD
  	del obji386\mpipia.obj   	 obji386\abiosa.obj   	 obji386\callout.obj  	 obji386\clockint.obj 	 obji386\ctxswap.obj  	 obji386\cpu.obj      	 obji386\emv86.obj    	 obji386\emxcptn.obj  	 obji386\int.obj      	 obji386\intsup.obj   	 obji386\i386pcr.obj  	 obji386\instemul.obj 	 obji386\ldtsup2.obj  	 obji386\newsysbg.obj 	 obji386\procstat.obj 	 obji386\spindbg.obj  	 obji386\spinlock.obj 	 obji386\sysstubs.obj 	 obji386\systable.obj 	 obji386\threadbg.obj 	 obji386\timindex.obj 	 obji386\trap.obj     	 obji386\zero.obj obji386\abiosc.obj	   	 obji386\allproc.obj	   	 obji386\apcuser.obj	  	 obji386\biosc.obj	  	 obji386\callback.obj   	 obji386\exceptn.obj	     obji386\flush.obj	     obji386\flushtb.obj	     obji386\gdtsup.obj	     obji386\intobj.obj	     obji386\iopm.obj	    	 obji386\i386init.obj		 obji386\kernlini.obj		 obji386\largepag.obj		 obji386\ldtsup.obj	     obji386\misc.obj	    	 obji386\mtrr.obj	    	 obji386\mtrramd.obj	     obji386\pat.obj	         obji386\thredini.obj		 obji386\trapc.obj obji386\apcobj.obj		 obji386\apcsup.obj		 obji386\balmgr.obj		 obji386\bugcheck.obj		 obji386\config.obj		 obji386\debug.obj		 obji386\devquobj.obj		 obji386\dpclock.obj		 obji386\dpcobj.obj		 obji386\dpcsup.obj		 obji386\eventobj.obj		 obji386\gateobj.obj		 obji386\hifreqlk.obj		 obji386\idsched.obj		 obji386\interobj.obj		 obji386\kernldat.obj		 obji386\kevutil.obj		 obji386\kiinit.obj		 obji386\miscc.obj		 obji386\mutntobj.obj		 obji386\procobj.obj		 obji386\profobj.obj		 obji386\queueobj.obj		 obji386\raisexcp.obj		 obji386\semphobj.obj		 obji386\thkemul.obj		 obji386\thredobj.obj		 obji386\thredsup.obj		 obji386\timerobj.obj		 obji386\timersup.obj		 obji386\wait.obj		     obji386\waitsup.obj		 obji386\xipi.obj		     obji386\yield.obj 
  	cd C:\Projects\Windows-Research-Kernel\WRK-V1.2\BASE\NTOS\ps\BUILD
  	del  obji386\psctx386.obj		 obji386\psldt.obj		 obji386\psvdm.obj obji386\psspnd.obj   	 obji386\pscid.obj    	 obji386\psimpers.obj 	 obji386\psinit.obj   	 obji386\psdelete.obj 	 obji386\psquery.obj  	 obji386\create.obj   	 obji386\kulookup.obj 	 obji386\psquota.obj  	 obji386\psctx.obj    	 obji386\psopen.obj   	 obji386\psjob.obj    	 obji386\security.obj 	 obji386\pshelper.obj 	 obji386\psenum.obj 
  	cd C:\Projects\Windows-Research-Kernel\WRK-V1.2\BASE\NTOS\io\iomgr\BUILD
  	del   obji386\cancelapi.obj 	 obji386\complete.obj 	 obji386\create.obj   	 obji386\devctrl.obj  	 obji386\dev2dos.obj 		 obji386\dir.obj     	 	 obji386\errorlog.obj	 	 obji386\fsctrl.obj   	 obji386\internal.obj 	 obji386\iodata.obj   	 obji386\ioinit.obj   	 obji386\iosubs.obj   	 obji386\loadunld.obj 	 obji386\lock.obj     	 obji386\misc.obj     	 obji386\objsup.obj   	 obji386\open.obj     	 obji386\parse.obj    	 obji386\qsea.obj     	 obji386\qsfs.obj     	 obji386\qsinfo.obj   	 obji386\qsquota.obj  	 obji386\read.obj     	 obji386\write.obj 
  	cd C:\Projects\Windows-Research-Kernel\WRK-V1.2\BASE\NTOS\io\BUILD
  	del   obji386\ioguid.obj 
  	cd C:\Projects\Windows-Research-Kernel\WRK-V1.2\BASE\NTOS\cache\BUILD
  	del   obji386\cachedat.obj		 obji386\cachesub.obj		 obji386\copysup.obj		 obji386\fssup.obj		 obji386\lazyrite.obj		 obji386\logsup.obj		 obji386\mdlsup.obj		 obji386\pinsup.obj		 obji386\ccperf.obj		 obji386\vacbsup.obj 
  	cd C:\Projects\Windows-Research-Kernel\WRK-V1.2\BASE\NTOS\lpc\BUILD
  	del obji386\lpcmove.obj  obji386\lpcinit.obj		 obji386\lpccreat.obj		 obji386\lpclistn.obj		 obji386\lpcconn.obj		 obji386\lpccompl.obj		 obji386\lpcsend.obj		 obji386\lpcrecv.obj		 obji386\lpcreply.obj		 obji386\lpcquery.obj		 obji386\lpcqueue.obj		 obji386\lpcclose.obj		 obji386\lpcpriv.obj 
  	cd C:\Projects\Windows-Research-Kernel\WRK-V1.2\BASE\NTOS\dbgk\BUILD
  	del   obji386\dbgkport.obj		 obji386\dbgkproc.obj		 obji386\dbgkobj.obj 
  	cd C:\Projects\Windows-Research-Kernel\WRK-V1.2\BASE\NTOS\raw\BUILD
  	del   obji386\Cleanup.obj		 obji386\Close.obj		 obji386\Create.obj		 obji386\FileInfo.obj		 obji386\FsCtrl.obj		 obji386\StrucSup.obj		 obji386\RawDisp.obj		 obji386\RawInit.obj		 obji386\ReadWrit.obj		 obji386\VolInfo.obj 
  	cd C:\Projects\Windows-Research-Kernel\WRK-V1.2\BASE\NTOS\fstub\BUILD
  	del   obji386\drivesup.obj 
  	cd C:\Projects\Windows-Research-Kernel\WRK-V1.2\BASE\NTOS\fsrtl\BUILD
  	del   obji386\DbcsName.obj		 obji386\FastIo.obj		 obji386\FaultTol.obj		 obji386\FileLock.obj		 obji386\Filter.obj		 obji386\FiltrCtx.obj		 obji386\FsFilter.obj		 obji386\FsRtlPc.obj		 obji386\LargeMcb.obj		 obji386\Name.obj			 obji386\Notify.obj		 obji386\Oplock.obj		 obji386\PnP.obj			 obji386\Unc.obj			 obji386\Tunnel.obj		 obji386\StackOvf.obj 
  	cd C:\Projects\Windows-Research-Kernel\WRK-V1.2\BASE\NTOS\wmi\BUILD
  	del  obji386\mcaevent.obj obji386\wmi.obj		 	 obji386\register.obj		 obji386\api.obj		 	 obji386\notify.obj		 obji386\callouts.obj		 obji386\tracelog.obj		 obji386\traceapi.obj		 obji386\tracesup.obj		 obji386\secure.obj		 obji386\globalog.obj		 obji386\wmidata.obj		 obji386\dataprov.obj		 obji386\alloc.obj		 obji386\chunk.obj		 obji386\ds.obj		 	 obji386\consumer.obj		 obji386\enabdisa.obj		 obji386\smbios.obj		 obji386\mca.obj		 	 obji386\provider.obj 
  	cd C:\Projects\Windows-Research-Kernel\WRK-V1.2\BASE\NTOS\perf\BUILD
  	del   obji386\hooks.obj 		 obji386\logging.obj		 obji386\perfdata.obj		 obji386\perfsup.obj 
  	cd C:\Projects\Windows-Research-Kernel\WRK-V1.2\BASE\NTOS\init\BUILD
  	del   obji386\initos.obj obji386\ntkrnlmp.obj
  	del C:\Projects\Windows-Research-Kernel\WRK-V1.2\BASE\NTOS\BUILD\obji386\ntkrnlmp.obj
  	del C:\Projects\Windows-Research-Kernel\WRK-V1.2\BASE\NTOS\BUILD\obji386\** C:\Projects\Windows-Research-Kernel\WRK-V1.2\BASE\NTOS\BUILD\EXE\** /Q
