  	cd C:\Projects\Windows-Research-Kernel\WRK-V1.2\BASE\NTOS\rtl\BUILD
  	del objamd64\capture.obj    objamd64\chkstk.obj     objamd64\debugstb.obj   objamd64\movemem.obj    objamd64\slist.obj      objamd64\xcptmisc.obj objamd64\context.obj    objamd64\exdsptch.obj   objamd64\misalign.obj   objamd64\raise.obj      objamd64\stkwalk.obj objamd64\byteswap.obj		 objamd64\acledit.obj		 objamd64\add2stra.obj		 objamd64\add2strw.obj		 objamd64\assert.obj		 objamd64\atom.obj			 objamd64\avltable.obj		 objamd64\bitmap.obj		 objamd64\cnvint.obj		 objamd64\debug.obj		 objamd64\eballoc.obj		 objamd64\environ.obj		 objamd64\error.obj		 objamd64\excptdbg.obj		 objamd64\gentable.obj		 objamd64\guid.obj			 objamd64\imagedir.obj		 objamd64\rtlnthdr.obj		 objamd64\intbits.obj		 objamd64\ldrrsrc.obj		 objamd64\ldrreloc.obj		 objamd64\lookup.obj		 objamd64\message.obj		 objamd64\nls.obj			 objamd64\nlsxlat.obj		 objamd64\pctohdr.obj		 objamd64\peb.obj			 objamd64\prefix.obj		 objamd64\regutil.obj		 objamd64\rtlassig.obj		 objamd64\rtldata.obj		 objamd64\rtlexec.obj		 objamd64\sertl.obj		 objamd64\splay.obj		 objamd64\str2adda.obj		 objamd64\str2addw.obj		 objamd64\string.obj		 objamd64\stktrace.obj		 objamd64\sysvol.obj		 objamd64\time.obj			 objamd64\tracedb.obj 
  	cd C:\Projects\Windows-Research-Kernel\WRK-V1.2\BASE\NTOS\config\BUILD
  	del   objamd64\cmapi.obj      objamd64\cmapi2.obj     objamd64\cmboot.obj     objamd64\cmchek.obj     objamd64\cmchek2.obj    objamd64\cmclose.obj    objamd64\cmconfig.obj   objamd64\cmcontrl.obj   objamd64\cmdat.obj      objamd64\cmdat2.obj     objamd64\cmdatini.obj   objamd64\cmdelete.obj   objamd64\cmgquota.obj   objamd64\cmhvlist.obj   objamd64\cmindex.obj    objamd64\cminit.obj     objamd64\cmname.obj     objamd64\cmnotify.obj   objamd64\cmparse.obj    objamd64\cmparse2.obj   objamd64\cmquery.obj    objamd64\cmsavres.obj   objamd64\cmsubs.obj     objamd64\cmsubs2.obj    objamd64\cmsubs3.obj    objamd64\cmse.obj       objamd64\cmsysini.obj   objamd64\cmtrecpy.obj   objamd64\cmtredel.obj   objamd64\cmtree.obj     objamd64\cmworker.obj   objamd64\cmwrapr.obj    objamd64\cmwrapr2.obj   objamd64\cmwmi.obj      objamd64\cmmapvw.obj    objamd64\cmdelay.obj    objamd64\cmvalue.obj    objamd64\cmsecache.obj  objamd64\cmdown.obj     objamd64\cmalloc.obj    objamd64\cmhook.obj     objamd64\hivebin.obj    objamd64\hivecell.obj   objamd64\hivechek.obj   objamd64\hivefree.obj   objamd64\hiveinit.obj   objamd64\hiveload.obj   objamd64\hivemap.obj    objamd64\hivesum.obj    objamd64\hivesync.obj   objamd64\hivehint.obj   objamd64\ntapi.obj 
  	cd C:\Projects\Windows-Research-Kernel\WRK-V1.2\BASE\NTOS\ex\BUILD
  	del objamd64\hifreqlk.obj	 	 objamd64\hrderror.obj	 	 objamd64\intrlock.obj objamd64\wowinfo.obj objamd64\callback.obj		 objamd64\callperf.obj		 objamd64\delay.obj		 objamd64\event.obj		 objamd64\eventpr.obj		 objamd64\exatom.obj		 objamd64\exdata.obj		 objamd64\exinit.obj		 objamd64\fmutexc.obj		 objamd64\handle.obj		 objamd64\harderr.obj		 objamd64\lookasid.obj		 objamd64\luid.obj			 objamd64\mutant.obj		 objamd64\nbqueue.obj		 objamd64\pool.obj			 objamd64\probe.obj		 objamd64\profile.obj		 objamd64\raise.obj		 objamd64\resource.obj		 objamd64\semphore.obj		 objamd64\sysinfo.obj		 objamd64\timer.obj		 objamd64\worker.obj		 objamd64\zone.obj			 objamd64\uuid.obj			 objamd64\win32.obj		 objamd64\rundown.obj		 objamd64\pushlock.obj		 objamd64\keyedevent.obj 
  	cd C:\Projects\Windows-Research-Kernel\WRK-V1.2\BASE\NTOS\ob\BUILD
  	del   objamd64\obinit.obj    objamd64\obcreate.obj  objamd64\obhandle.obj  objamd64\obinsert.obj  objamd64\obref.obj     objamd64\obse.obj      objamd64\obtype.obj    objamd64\obdir.obj     objamd64\obdevmap.obj  objamd64\oblink.obj    objamd64\obclose.obj   objamd64\obquery.obj   objamd64\obsdata.obj   objamd64\obwait.obj    objamd64\fastref.obj 
  	cd C:\Projects\Windows-Research-Kernel\WRK-V1.2\BASE\NTOS\se\BUILD
  	del   objamd64\accessck.obj  objamd64\capture.obj   objamd64\privileg.obj  objamd64\rmlogon.obj   objamd64\rmmain.obj    objamd64\rmvars.obj    objamd64\seassign.obj  objamd64\seaudit.obj   objamd64\sepaudit.obj  objamd64\seclient.obj  objamd64\seglobal.obj  objamd64\seinit.obj    objamd64\semethod.obj  objamd64\sep.obj       objamd64\subject.obj   objamd64\seastate.obj  objamd64\token.obj     objamd64\tokenadj.obj  objamd64\tokendup.obj  objamd64\tokenopn.obj  objamd64\tokenqry.obj  objamd64\tokenset.obj  objamd64\adtlog.obj    objamd64\adtinit.obj   objamd64\adtvars.obj   objamd64\adtutil.obj   objamd64\rmaudit.obj 
  	cd C:\Projects\Windows-Research-Kernel\WRK-V1.2\BASE\NTOS\mm\BUILD
  	del  objamd64\dataamd.obj		 objamd64\initamd.obj objamd64\acceschk.obj		 objamd64\addrsup.obj		 objamd64\allocpag.obj		 objamd64\allocvm.obj		 objamd64\buildmdl.obj		 objamd64\creasect.obj		 objamd64\deleteva.obj		 objamd64\dmpaddr.obj		 objamd64\extsect.obj		 objamd64\flushbuf.obj		 objamd64\flushsec.obj		 objamd64\forksup.obj		 objamd64\freevm.obj		 objamd64\hypermap.obj		 objamd64\iosup.obj		 objamd64\lockvm.obj		 objamd64\mapcache.obj		 objamd64\mapview.obj		 objamd64\miglobal.obj		 objamd64\mmfault.obj		 objamd64\mminit.obj		 objamd64\mmsup.obj		 objamd64\mmquota.obj		 objamd64\modwrite.obj		 objamd64\pagfault.obj		 objamd64\pfndec.obj		 objamd64\pfnlist.obj		 objamd64\physical.obj		 objamd64\procsup.obj		 objamd64\protect.obj		 objamd64\querysec.obj		 objamd64\queryvm.obj		 objamd64\readwrt.obj		 objamd64\sectsup.obj		 objamd64\session.obj		 objamd64\sessload.obj		 objamd64\shutdown.obj		 objamd64\sysload.obj		 objamd64\sysptes.obj		 objamd64\umapview.obj		 objamd64\vadtree.obj		 objamd64\wslist.obj		 objamd64\wsmanage.obj		 objamd64\wstree.obj		 objamd64\wrtfault.obj		 objamd64\wrtwatch.obj		 objamd64\zeropage.obj 
  	cd C:\Projects\Windows-Research-Kernel\WRK-V1.2\BASE\NTOS\ke\BUILD
  	del objamd64\apcint.obj		 objamd64\callout.obj		 objamd64\clockint.obj		 objamd64\cpuid.obj		 objamd64\ctxswap.obj		 objamd64\dpcint.obj		 objamd64\idle.obj			 objamd64\intipi.obj		 objamd64\intsup.obj		 objamd64\miscs.obj		 objamd64\procstat.obj		 objamd64\profint.obj		 objamd64\start.obj		 objamd64\sysstubs.obj		 objamd64\systable.obj		 objamd64\threadbg.obj		 objamd64\trap.obj			 objamd64\zero.obj objamd64\allproc.obj		 objamd64\apcuser.obj		 objamd64\callback.obj		 objamd64\decode.obj		 objamd64\exceptn.obj		 objamd64\flush.obj		 objamd64\flushtb.obj		 objamd64\initkr.obj		 objamd64\runtime.obj		 objamd64\intobj.obj		 objamd64\ipi.obj			 objamd64\misc.obj			 objamd64\pat.obj			 objamd64\queuelock.obj	 objamd64\spinlock.obj		 objamd64\thredini.obj objamd64\apcobj.obj		 objamd64\apcsup.obj		 objamd64\balmgr.obj		 objamd64\bugcheck.obj		 objamd64\config.obj		 objamd64\debug.obj		 objamd64\devquobj.obj		 objamd64\dpclock.obj		 objamd64\dpcobj.obj		 objamd64\dpcsup.obj		 objamd64\eventobj.obj		 objamd64\gateobj.obj		 objamd64\hifreqlk.obj		 objamd64\idsched.obj		 objamd64\interobj.obj		 objamd64\kernldat.obj		 objamd64\kevutil.obj		 objamd64\kiinit.obj		 objamd64\miscc.obj		 objamd64\mutntobj.obj		 objamd64\procobj.obj		 objamd64\profobj.obj		 objamd64\queueobj.obj		 objamd64\raisexcp.obj		 objamd64\semphobj.obj		 objamd64\thkemul.obj		 objamd64\thredobj.obj		 objamd64\thredsup.obj		 objamd64\timerobj.obj		 objamd64\timersup.obj		 objamd64\wait.obj		     objamd64\waitsup.obj		 objamd64\xipi.obj		     objamd64\yield.obj 
  	cd C:\Projects\Windows-Research-Kernel\WRK-V1.2\BASE\NTOS\ps\BUILD
  	del objamd64\psctxwrap.obj objamd64\psctxamd64.obj	 objamd64\psldt.obj		 objamd64\psvdm.obj objamd64\psspnd.obj   	 objamd64\pscid.obj    	 objamd64\psimpers.obj 	 objamd64\psinit.obj   	 objamd64\psdelete.obj 	 objamd64\psquery.obj  	 objamd64\create.obj   	 objamd64\kulookup.obj 	 objamd64\psquota.obj  	 objamd64\psctx.obj    	 objamd64\psopen.obj   	 objamd64\psjob.obj    	 objamd64\security.obj 	 objamd64\pshelper.obj 	 objamd64\psenum.obj 
  	cd C:\Projects\Windows-Research-Kernel\WRK-V1.2\BASE\NTOS\io\iomgr\BUILD
  	del   objamd64\cancelapi.obj 	 objamd64\complete.obj 	 objamd64\create.obj   	 objamd64\devctrl.obj  	 objamd64\dev2dos.obj 		 objamd64\dir.obj     	 	 objamd64\errorlog.obj	 	 objamd64\fsctrl.obj   	 objamd64\internal.obj 	 objamd64\iodata.obj   	 objamd64\ioinit.obj   	 objamd64\iosubs.obj   	 objamd64\loadunld.obj 	 objamd64\lock.obj     	 objamd64\misc.obj     	 objamd64\objsup.obj   	 objamd64\open.obj     	 objamd64\parse.obj    	 objamd64\qsea.obj     	 objamd64\qsfs.obj     	 objamd64\qsinfo.obj   	 objamd64\qsquota.obj  	 objamd64\read.obj     	 objamd64\write.obj 
  	cd C:\Projects\Windows-Research-Kernel\WRK-V1.2\BASE\NTOS\io\BUILD
  	del   objamd64\ioguid.obj 
  	cd C:\Projects\Windows-Research-Kernel\WRK-V1.2\BASE\NTOS\cache\BUILD
  	del   objamd64\cachedat.obj		 objamd64\cachesub.obj		 objamd64\copysup.obj		 objamd64\fssup.obj		 objamd64\lazyrite.obj		 objamd64\logsup.obj		 objamd64\mdlsup.obj		 objamd64\pinsup.obj		 objamd64\ccperf.obj		 objamd64\vacbsup.obj 
  	cd C:\Projects\Windows-Research-Kernel\WRK-V1.2\BASE\NTOS\lpc\BUILD
  	del   objamd64\lpcinit.obj		 objamd64\lpccreat.obj		 objamd64\lpclistn.obj		 objamd64\lpcconn.obj		 objamd64\lpccompl.obj		 objamd64\lpcsend.obj		 objamd64\lpcrecv.obj		 objamd64\lpcreply.obj		 objamd64\lpcquery.obj		 objamd64\lpcqueue.obj		 objamd64\lpcclose.obj		 objamd64\lpcpriv.obj 
  	cd C:\Projects\Windows-Research-Kernel\WRK-V1.2\BASE\NTOS\dbgk\BUILD
  	del   objamd64\dbgkport.obj		 objamd64\dbgkproc.obj		 objamd64\dbgkobj.obj 
  	cd C:\Projects\Windows-Research-Kernel\WRK-V1.2\BASE\NTOS\raw\BUILD
  	del   objamd64\Cleanup.obj		 objamd64\Close.obj		 objamd64\Create.obj		 objamd64\FileInfo.obj		 objamd64\FsCtrl.obj		 objamd64\StrucSup.obj		 objamd64\RawDisp.obj		 objamd64\RawInit.obj		 objamd64\ReadWrit.obj		 objamd64\VolInfo.obj 
  	cd C:\Projects\Windows-Research-Kernel\WRK-V1.2\BASE\NTOS\fstub\BUILD
  	del   objamd64\drivesup.obj 
  	cd C:\Projects\Windows-Research-Kernel\WRK-V1.2\BASE\NTOS\fsrtl\BUILD
  	del   objamd64\DbcsName.obj		 objamd64\FastIo.obj		 objamd64\FaultTol.obj		 objamd64\FileLock.obj		 objamd64\Filter.obj		 objamd64\FiltrCtx.obj		 objamd64\FsFilter.obj		 objamd64\FsRtlPc.obj		 objamd64\LargeMcb.obj		 objamd64\Name.obj			 objamd64\Notify.obj		 objamd64\Oplock.obj		 objamd64\PnP.obj			 objamd64\Unc.obj			 objamd64\Tunnel.obj		 objamd64\StackOvf.obj 
  	cd C:\Projects\Windows-Research-Kernel\WRK-V1.2\BASE\NTOS\wmi\BUILD
  	del  objamd64\mcaevent.obj objamd64\wmi.obj		 	 objamd64\register.obj		 objamd64\api.obj		 	 objamd64\notify.obj		 objamd64\callouts.obj		 objamd64\tracelog.obj		 objamd64\traceapi.obj		 objamd64\tracesup.obj		 objamd64\secure.obj		 objamd64\globalog.obj		 objamd64\wmidata.obj		 objamd64\dataprov.obj		 objamd64\alloc.obj		 objamd64\chunk.obj		 objamd64\ds.obj		 	 objamd64\consumer.obj		 objamd64\enabdisa.obj		 objamd64\smbios.obj		 objamd64\mca.obj		 	 objamd64\provider.obj 
  	cd C:\Projects\Windows-Research-Kernel\WRK-V1.2\BASE\NTOS\perf\BUILD
  	del   objamd64\hooks.obj 		 objamd64\logging.obj		 objamd64\perfdata.obj		 objamd64\perfsup.obj 
  	cd C:\Projects\Windows-Research-Kernel\WRK-V1.2\BASE\NTOS\init\BUILD
  	del   objamd64\initos.obj objamd64\ntkrnlmp.obj
  	del C:\Projects\Windows-Research-Kernel\WRK-V1.2\BASE\NTOS\BUILD\objamd64\ntkrnlmp.obj
  	del C:\Projects\Windows-Research-Kernel\WRK-V1.2\BASE\NTOS\BUILD\objamd64\** C:\Projects\Windows-Research-Kernel\WRK-V1.2\BASE\NTOS\BUILD\EXE\** /Q
